2019-07-01 10:15:52 17596 [Note] InnoDB: Using mutexes to ref count buffer pool pages
2019-07-01 10:15:52 17596 [Note] InnoDB: The InnoDB memory heap is disabled
2019-07-01 10:15:52 17596 [Note] InnoDB: Mutexes and rw_locks use Windows interlocked functions
2019-07-01 10:15:52 17596 [Note] InnoDB: _mm_lfence() and _mm_sfence() are used for memory barrier
2019-07-01 10:15:52 17596 [Note] InnoDB: Compressed tables use zlib 1.2.3
2019-07-01 10:15:52 17596 [Note] InnoDB: Using generic crc32 instructions
2019-07-01 10:15:52 17596 [Note] InnoDB: Initializing buffer pool, size = 256.0M
2019-07-01 10:15:52 17596 [Note] InnoDB: Completed initialization of buffer pool
2019-07-01 10:15:52 17596 [Note] InnoDB: Highest supported file format is Barracuda.
2019-07-01 10:15:52 44bc  InnoDB: Operating system error number 3 in a file operation.
InnoDB: The error means the system cannot find the path specified.
InnoDB: If you are installing InnoDB, remember that you must create
InnoDB: directories yourself, InnoDB does not create them.
2019-07-01 10:15:52 17596 [ERROR] InnoDB: Could not find a valid tablespace file for 'phpmyadmin/pma__bookmark'. See http://dev.mysql.com/doc/refman/5.6/en/innodb-troubleshooting-datadict.html for how to resolve the issue.
2019-07-01 10:15:52 17596 [ERROR] InnoDB: Tablespace open failed for '"phpmyadmin"."pma__bookmark"', ignored.
2019-07-01 10:15:52 44bc  InnoDB: Operating system error number 3 in a file operation.
InnoDB: The error means the system cannot find the path specified.
InnoDB: If you are installing InnoDB, remember that you must create
InnoDB: directories yourself, InnoDB does not create them.
2019-07-01 10:15:52 17596 [ERROR] InnoDB: Could not find a valid tablespace file for 'phpmyadmin/pma__central_columns'. See http://dev.mysql.com/doc/refman/5.6/en/innodb-troubleshooting-datadict.html for how to resolve the issue.
2019-07-01 10:15:52 17596 [ERROR] InnoDB: Tablespace open failed for '"phpmyadmin"."pma__central_columns"', ignored.
2019-07-01 10:15:52 44bc  InnoDB: Operating system error number 3 in a file operation.
InnoDB: The error means the system cannot find the path specified.
InnoDB: If you are installing InnoDB, remember that you must create
InnoDB: directories yourself, InnoDB does not create them.
2019-07-01 10:15:52 17596 [ERROR] InnoDB: Could not find a valid tablespace file for 'phpmyadmin/pma__column_info'. See http://dev.mysql.com/doc/refman/5.6/en/innodb-troubleshooting-datadict.html for how to resolve the issue.
2019-07-01 10:15:52 17596 [ERROR] InnoDB: Tablespace open failed for '"phpmyadmin"."pma__column_info"', ignored.
2019-07-01 10:15:52 44bc  InnoDB: Operating system error number 3 in a file operation.
InnoDB: The error means the system cannot find the path specified.
InnoDB: If you are installing InnoDB, remember that you must create
InnoDB: directories yourself, InnoDB does not create them.
2019-07-01 10:15:52 17596 [ERROR] InnoDB: Could not find a valid tablespace file for 'phpmyadmin/pma__designer_settings'. See http://dev.mysql.com/doc/refman/5.6/en/innodb-troubleshooting-datadict.html for how to resolve the issue.
2019-07-01 10:15:52 17596 [ERROR] InnoDB: Tablespace open failed for '"phpmyadmin"."pma__designer_settings"', ignored.
2019-07-01 10:15:52 44bc  InnoDB: Operating system error number 3 in a file operation.
InnoDB: The error means the system cannot find the path specified.
InnoDB: If you are installing InnoDB, remember that you must create
InnoDB: directories yourself, InnoDB does not create them.
2019-07-01 10:15:52 17596 [ERROR] InnoDB: Could not find a valid tablespace file for 'phpmyadmin/pma__export_templates'. See http://dev.mysql.com/doc/refman/5.6/en/innodb-troubleshooting-datadict.html for how to resolve the issue.
2019-07-01 10:15:52 17596 [ERROR] InnoDB: Tablespace open failed for '"phpmyadmin"."pma__export_templates"', ignored.
2019-07-01 10:15:52 44bc  InnoDB: Operating system error number 3 in a file operation.
InnoDB: The error means the system cannot find the path specified.
InnoDB: If you are installing InnoDB, remember that you must create
InnoDB: directories yourself, InnoDB does not create them.
2019-07-01 10:15:52 17596 [ERROR] InnoDB: Could not find a valid tablespace file for 'phpmyadmin/pma__favorite'. See http://dev.mysql.com/doc/refman/5.6/en/innodb-troubleshooting-datadict.html for how to resolve the issue.
2019-07-01 10:15:52 17596 [ERROR] InnoDB: Tablespace open failed for '"phpmyadmin"."pma__favorite"', ignored.
2019-07-01 10:15:52 44bc  InnoDB: Operating system error number 3 in a file operation.
InnoDB: The error means the system cannot find the path specified.
InnoDB: If you are installing InnoDB, remember that you must create
InnoDB: directories yourself, InnoDB does not create them.
2019-07-01 10:15:52 17596 [ERROR] InnoDB: Could not find a valid tablespace file for 'phpmyadmin/pma__history'. See http://dev.mysql.com/doc/refman/5.6/en/innodb-troubleshooting-datadict.html for how to resolve the issue.
2019-07-01 10:15:52 17596 [ERROR] InnoDB: Tablespace open failed for '"phpmyadmin"."pma__history"', ignored.
2019-07-01 10:15:52 44bc  InnoDB: Operating system error number 3 in a file operation.
InnoDB: The error means the system cannot find the path specified.
InnoDB: If you are installing InnoDB, remember that you must create
InnoDB: directories yourself, InnoDB does not create them.
2019-07-01 10:15:52 17596 [ERROR] InnoDB: Could not find a valid tablespace file for 'phpmyadmin/pma__navigationhiding'. See http://dev.mysql.com/doc/refman/5.6/en/innodb-troubleshooting-datadict.html for how to resolve the issue.
2019-07-01 10:15:52 17596 [ERROR] InnoDB: Tablespace open failed for '"phpmyadmin"."pma__navigationhiding"', ignored.
2019-07-01 10:15:52 44bc  InnoDB: Operating system error number 3 in a file operation.
InnoDB: The error means the system cannot find the path specified.
InnoDB: If you are installing InnoDB, remember that you must create
InnoDB: directories yourself, InnoDB does not create them.
2019-07-01 10:15:52 17596 [ERROR] InnoDB: Could not find a valid tablespace file for 'phpmyadmin/pma__pdf_pages'. See http://dev.mysql.com/doc/refman/5.6/en/innodb-troubleshooting-datadict.html for how to resolve the issue.
2019-07-01 10:15:52 17596 [ERROR] InnoDB: Tablespace open failed for '"phpmyadmin"."pma__pdf_pages"', ignored.
2019-07-01 10:15:52 44bc  InnoDB: Operating system error number 3 in a file operation.
InnoDB: The error means the system cannot find the path specified.
InnoDB: If you are installing InnoDB, remember that you must create
InnoDB: directories yourself, InnoDB does not create them.
2019-07-01 10:15:52 17596 [ERROR] InnoDB: Could not find a valid tablespace file for 'phpmyadmin/pma__recent'. See http://dev.mysql.com/doc/refman/5.6/en/innodb-troubleshooting-datadict.html for how to resolve the issue.
2019-07-01 10:15:52 17596 [ERROR] InnoDB: Tablespace open failed for '"phpmyadmin"."pma__recent"', ignored.
2019-07-01 10:15:52 44bc  InnoDB: Operating system error number 3 in a file operation.
InnoDB: The error means the system cannot find the path specified.
InnoDB: If you are installing InnoDB, remember that you must create
InnoDB: directories yourself, InnoDB does not create them.
2019-07-01 10:15:52 17596 [ERROR] InnoDB: Could not find a valid tablespace file for 'phpmyadmin/pma__relation'. See http://dev.mysql.com/doc/refman/5.6/en/innodb-troubleshooting-datadict.html for how to resolve the issue.
2019-07-01 10:15:52 17596 [ERROR] InnoDB: Tablespace open failed for '"phpmyadmin"."pma__relation"', ignored.
2019-07-01 10:15:52 44bc  InnoDB: Operating system error number 3 in a file operation.
InnoDB: The error means the system cannot find the path specified.
InnoDB: If you are installing InnoDB, remember that you must create
InnoDB: directories yourself, InnoDB does not create them.
2019-07-01 10:15:52 17596 [ERROR] InnoDB: Could not find a valid tablespace file for 'phpmyadmin/pma__savedsearches'. See http://dev.mysql.com/doc/refman/5.6/en/innodb-troubleshooting-datadict.html for how to resolve the issue.
2019-07-01 10:15:52 17596 [ERROR] InnoDB: Tablespace open failed for '"phpmyadmin"."pma__savedsearches"', ignored.
2019-07-01 10:15:52 44bc  InnoDB: Operating system error number 3 in a file operation.
InnoDB: The error means the system cannot find the path specified.
InnoDB: If you are installing InnoDB, remember that you must create
InnoDB: directories yourself, InnoDB does not create them.
2019-07-01 10:15:52 17596 [ERROR] InnoDB: Could not find a valid tablespace file for 'phpmyadmin/pma__table_coords'. See http://dev.mysql.com/doc/refman/5.6/en/innodb-troubleshooting-datadict.html for how to resolve the issue.
2019-07-01 10:15:52 17596 [ERROR] InnoDB: Tablespace open failed for '"phpmyadmin"."pma__table_coords"', ignored.
2019-07-01 10:15:52 44bc  InnoDB: Operating system error number 3 in a file operation.
InnoDB: The error means the system cannot find the path specified.
InnoDB: If you are installing InnoDB, remember that you must create
InnoDB: directories yourself, InnoDB does not create them.
2019-07-01 10:15:52 17596 [ERROR] InnoDB: Could not find a valid tablespace file for 'phpmyadmin/pma__table_info'. See http://dev.mysql.com/doc/refman/5.6/en/innodb-troubleshooting-datadict.html for how to resolve the issue.
2019-07-01 10:15:52 17596 [ERROR] InnoDB: Tablespace open failed for '"phpmyadmin"."pma__table_info"', ignored.
2019-07-01 10:15:52 44bc  InnoDB: Operating system error number 3 in a file operation.
InnoDB: The error means the system cannot find the path specified.
InnoDB: If you are installing InnoDB, remember that you must create
InnoDB: directories yourself, InnoDB does not create them.
2019-07-01 10:15:52 17596 [ERROR] InnoDB: Could not find a valid tablespace file for 'phpmyadmin/pma__table_uiprefs'. See http://dev.mysql.com/doc/refman/5.6/en/innodb-troubleshooting-datadict.html for how to resolve the issue.
2019-07-01 10:15:52 17596 [ERROR] InnoDB: Tablespace open failed for '"phpmyadmin"."pma__table_uiprefs"', ignored.
2019-07-01 10:15:52 44bc  InnoDB: Operating system error number 3 in a file operation.
InnoDB: The error means the system cannot find the path specified.
InnoDB: If you are installing InnoDB, remember that you must create
InnoDB: directories yourself, InnoDB does not create them.
2019-07-01 10:15:52 17596 [ERROR] InnoDB: Could not find a valid tablespace file for 'phpmyadmin/pma__tracking'. See http://dev.mysql.com/doc/refman/5.6/en/innodb-troubleshooting-datadict.html for how to resolve the issue.
2019-07-01 10:15:52 17596 [ERROR] InnoDB: Tablespace open failed for '"phpmyadmin"."pma__tracking"', ignored.
2019-07-01 10:15:52 44bc  InnoDB: Operating system error number 3 in a file operation.
InnoDB: The error means the system cannot find the path specified.
InnoDB: If you are installing InnoDB, remember that you must create
InnoDB: directories yourself, InnoDB does not create them.
2019-07-01 10:15:53 17596 [ERROR] InnoDB: Could not find a valid tablespace file for 'phpmyadmin/pma__userconfig'. See http://dev.mysql.com/doc/refman/5.6/en/innodb-troubleshooting-datadict.html for how to resolve the issue.
2019-07-01 10:15:53 17596 [ERROR] InnoDB: Tablespace open failed for '"phpmyadmin"."pma__userconfig"', ignored.
2019-07-01 10:15:53 44bc  InnoDB: Operating system error number 3 in a file operation.
InnoDB: The error means the system cannot find the path specified.
InnoDB: If you are installing InnoDB, remember that you must create
InnoDB: directories yourself, InnoDB does not create them.
2019-07-01 10:15:53 17596 [ERROR] InnoDB: Could not find a valid tablespace file for 'phpmyadmin/pma__usergroups'. See http://dev.mysql.com/doc/refman/5.6/en/innodb-troubleshooting-datadict.html for how to resolve the issue.
2019-07-01 10:15:53 17596 [ERROR] InnoDB: Tablespace open failed for '"phpmyadmin"."pma__usergroups"', ignored.
2019-07-01 10:15:53 44bc  InnoDB: Operating system error number 3 in a file operation.
InnoDB: The error means the system cannot find the path specified.
InnoDB: If you are installing InnoDB, remember that you must create
InnoDB: directories yourself, InnoDB does not create them.
2019-07-01 10:15:53 17596 [ERROR] InnoDB: Could not find a valid tablespace file for 'phpmyadmin/pma__users'. See http://dev.mysql.com/doc/refman/5.6/en/innodb-troubleshooting-datadict.html for how to resolve the issue.
2019-07-01 10:15:53 17596 [ERROR] InnoDB: Tablespace open failed for '"phpmyadmin"."pma__users"', ignored.
2019-07-01 10:15:53 17596 [Warning] InnoDB: Resizing redo log from 2*320 to 2*4096 pages, LSN=1835037
2019-07-01 10:15:53 17596 [Warning] InnoDB: Starting to delete and rewrite log files.
2019-07-01 10:15:53 17596 [Note] InnoDB: Setting log file .\ib_logfile101 size to 64 MB
2019-07-01 10:15:53 17596 [Note] InnoDB: Setting log file .\ib_logfile1 size to 64 MB
2019-07-01 10:15:53 17596 [Note] InnoDB: Renaming log file .\ib_logfile101 to .\ib_logfile0
2019-07-01 10:15:53 17596 [Warning] InnoDB: New log files created, LSN=1835532
2019-07-01 10:15:53 17596 [Note] InnoDB: 128 rollback segment(s) are active.
2019-07-01 10:15:53 17596 [Note] InnoDB: Waiting for purge to start
2019-07-01 10:15:53 17596 [Note] InnoDB:  Percona XtraDB (http://www.percona.com) 5.6.36-82.2 started; log sequence number 1835037
2019-07-01 10:15:53 17676 [Note] InnoDB: Dumping buffer pool(s) not yet started
2019-07-01 10:15:53 17596 [Note] Plugin 'FEEDBACK' is disabled.
2019-07-01 10:15:53 17596 [Note] Server socket created on IP: '::'.
2019-07-01 10:15:56 17596 [Note] mysql\bin\mysqld.exe: ready for connections.
Version: '10.1.28-MariaDB'  socket: ''  port: 3306  mariadb.org binary distribution
2019-07-01 10:16:12 4064 [Note] InnoDB: Using mutexes to ref count buffer pool pages
2019-07-01 10:16:12 4064 [Note] InnoDB: The InnoDB memory heap is disabled
2019-07-01 10:16:12 4064 [Note] InnoDB: Mutexes and rw_locks use Windows interlocked functions
2019-07-01 10:16:12 4064 [Note] InnoDB: _mm_lfence() and _mm_sfence() are used for memory barrier
2019-07-01 10:16:12 4064 [Note] InnoDB: Compressed tables use zlib 1.2.3
2019-07-01 10:16:12 4064 [Note] InnoDB: Using generic crc32 instructions
2019-07-01 10:16:12 4064 [Note] InnoDB: Initializing buffer pool, size = 256.0M
2019-07-01 10:16:12 4064 [Note] InnoDB: Completed initialization of buffer pool
2019-07-01 10:16:12 4064 [ERROR] InnoDB: .\ibdata1 can't be opened in read-write mode
2019-07-01 10:16:12 4064 [ERROR] InnoDB: The system tablespace must be writable!
2019-07-01 10:16:12 4064 [ERROR] Plugin 'InnoDB' init function returned error.
2019-07-01 10:16:12 4064 [ERROR] Plugin 'InnoDB' registration as a STORAGE ENGINE failed.
2019-07-01 10:16:12 4064 [Note] Plugin 'FEEDBACK' is disabled.
2019-07-01 10:16:12 4064 [ERROR] Unknown/unsupported storage engine: innodb
2019-07-01 10:16:12 4064 [ERROR] Aborting

2019-07-01 10:16:45 16844 [Note] InnoDB: Using mutexes to ref count buffer pool pages
2019-07-01 10:16:45 16844 [Note] InnoDB: The InnoDB memory heap is disabled
2019-07-01 10:16:45 16844 [Note] InnoDB: Mutexes and rw_locks use Windows interlocked functions
2019-07-01 10:16:45 16844 [Note] InnoDB: _mm_lfence() and _mm_sfence() are used for memory barrier
2019-07-01 10:16:45 16844 [Note] InnoDB: Compressed tables use zlib 1.2.3
2019-07-01 10:16:45 16844 [Note] InnoDB: Using generic crc32 instructions
2019-07-01 10:16:45 16844 [Note] InnoDB: Initializing buffer pool, size = 256.0M
2019-07-01 10:16:45 16844 [Note] InnoDB: Completed initialization of buffer pool
2019-07-01 10:16:45 16844 [ERROR] InnoDB: .\ibdata1 can't be opened in read-write mode
2019-07-01 10:16:45 16844 [ERROR] InnoDB: The system tablespace must be writable!
2019-07-01 10:16:45 16844 [ERROR] Plugin 'InnoDB' init function returned error.
2019-07-01 10:16:45 16844 [ERROR] Plugin 'InnoDB' registration as a STORAGE ENGINE failed.
2019-07-01 10:16:45 16844 [Note] Plugin 'FEEDBACK' is disabled.
2019-07-01 10:16:45 16844 [ERROR] Unknown/unsupported storage engine: innodb
2019-07-01 10:16:45 16844 [ERROR] Aborting

2019-07-01 10:17:00 8692 [Note] InnoDB: Using mutexes to ref count buffer pool pages
2019-07-01 10:17:00 8692 [Note] InnoDB: The InnoDB memory heap is disabled
2019-07-01 10:17:00 8692 [Note] InnoDB: Mutexes and rw_locks use Windows interlocked functions
2019-07-01 10:17:00 8692 [Note] InnoDB: _mm_lfence() and _mm_sfence() are used for memory barrier
2019-07-01 10:17:00 8692 [Note] InnoDB: Compressed tables use zlib 1.2.3
2019-07-01 10:17:00 8692 [Note] InnoDB: Using generic crc32 instructions
2019-07-01 10:17:00 8692 [Note] InnoDB: Initializing buffer pool, size = 256.0M
2019-07-01 10:17:00 8692 [Note] InnoDB: Completed initialization of buffer pool
2019-07-01 10:17:00 8692 [ERROR] InnoDB: .\ibdata1 can't be opened in read-write mode
2019-07-01 10:17:00 8692 [ERROR] InnoDB: The system tablespace must be writable!
2019-07-01 10:17:00 8692 [ERROR] Plugin 'InnoDB' init function returned error.
2019-07-01 10:17:00 8692 [ERROR] Plugin 'InnoDB' registration as a STORAGE ENGINE failed.
2019-07-01 10:17:00 8692 [Note] Plugin 'FEEDBACK' is disabled.
2019-07-01 10:17:00 8692 [ERROR] Unknown/unsupported storage engine: innodb
2019-07-01 10:17:00 8692 [ERROR] Aborting

2019-07-01 10:17:21 17164 [Note] InnoDB: Using mutexes to ref count buffer pool pages
2019-07-01 10:17:21 17164 [Note] InnoDB: The InnoDB memory heap is disabled
2019-07-01 10:17:21 17164 [Note] InnoDB: Mutexes and rw_locks use Windows interlocked functions
2019-07-01 10:17:21 17164 [Note] InnoDB: _mm_lfence() and _mm_sfence() are used for memory barrier
2019-07-01 10:17:21 17164 [Note] InnoDB: Compressed tables use zlib 1.2.3
2019-07-01 10:17:21 17164 [Note] InnoDB: Using generic crc32 instructions
2019-07-01 10:17:21 17164 [Note] InnoDB: Initializing buffer pool, size = 256.0M
2019-07-01 10:17:21 17164 [Note] InnoDB: Completed initialization of buffer pool
2019-07-01 10:17:21 17164 [ERROR] InnoDB: .\ibdata1 can't be opened in read-write mode
2019-07-01 10:17:21 17164 [ERROR] InnoDB: The system tablespace must be writable!
2019-07-01 10:17:21 17164 [ERROR] Plugin 'InnoDB' init function returned error.
2019-07-01 10:17:21 17164 [ERROR] Plugin 'InnoDB' registration as a STORAGE ENGINE failed.
2019-07-01 10:17:21 17164 [Note] Plugin 'FEEDBACK' is disabled.
2019-07-01 10:17:21 17164 [ERROR] Unknown/unsupported storage engine: innodb
2019-07-01 10:17:21 17164 [ERROR] Aborting

2019-07-01 10:17:42 11888 [Note] InnoDB: Using mutexes to ref count buffer pool pages
2019-07-01 10:17:42 11888 [Note] InnoDB: The InnoDB memory heap is disabled
2019-07-01 10:17:42 11888 [Note] InnoDB: Mutexes and rw_locks use Windows interlocked functions
2019-07-01 10:17:42 11888 [Note] InnoDB: _mm_lfence() and _mm_sfence() are used for memory barrier
2019-07-01 10:17:42 11888 [Note] InnoDB: Compressed tables use zlib 1.2.3
2019-07-01 10:17:42 11888 [Note] InnoDB: Using generic crc32 instructions
2019-07-01 10:17:42 11888 [Note] InnoDB: Initializing buffer pool, size = 256.0M
2019-07-01 10:17:42 11888 [Note] InnoDB: Completed initialization of buffer pool
2019-07-01 10:17:42 11888 [ERROR] InnoDB: .\ibdata1 can't be opened in read-write mode
2019-07-01 10:17:42 11888 [ERROR] InnoDB: The system tablespace must be writable!
2019-07-01 10:17:42 11888 [ERROR] Plugin 'InnoDB' init function returned error.
2019-07-01 10:17:42 11888 [ERROR] Plugin 'InnoDB' registration as a STORAGE ENGINE failed.
2019-07-01 10:17:42 11888 [Note] Plugin 'FEEDBACK' is disabled.
2019-07-01 10:17:42 11888 [ERROR] Unknown/unsupported storage engine: innodb
2019-07-01 10:17:42 11888 [ERROR] Aborting

2019-07-01 10:26:21 12460 [Note] InnoDB: Using mutexes to ref count buffer pool pages
2019-07-01 10:26:21 12460 [Note] InnoDB: The InnoDB memory heap is disabled
2019-07-01 10:26:21 12460 [Note] InnoDB: Mutexes and rw_locks use Windows interlocked functions
2019-07-01 10:26:21 12460 [Note] InnoDB: _mm_lfence() and _mm_sfence() are used for memory barrier
2019-07-01 10:26:21 12460 [Note] InnoDB: Compressed tables use zlib 1.2.3
2019-07-01 10:26:21 12460 [Note] InnoDB: Using generic crc32 instructions
2019-07-01 10:26:21 12460 [Note] InnoDB: Initializing buffer pool, size = 256.0M
2019-07-01 10:26:21 12460 [Note] InnoDB: Completed initialization of buffer pool
2019-07-01 10:26:21 12460 [Note] InnoDB: Highest supported file format is Barracuda.
2019-07-01 10:26:22 12460 [Note] InnoDB: The log sequence number 1835037 in ibdata file do not match the log sequence number 1835542 in the ib_logfiles!
2019-07-01 10:26:22 12460 [Note] InnoDB: Restoring possible half-written data pages from the doublewrite buffer...
2019-07-01 10:26:22 12460 [ERROR] InnoDB: Table phpmyadmin/pma__bookmark in the InnoDB data dictionary has tablespace id 11, but tablespace with that id or name does not exist. Have you deleted or moved .ibd files? This may also be a table created with CREATE TEMPORARY TABLE whose .ibd and .frm files MySQL automatically removed, but the table still exists in the InnoDB internal data dictionary.
InnoDB: Please refer to
InnoDB: http://dev.mysql.com/doc/refman/5.6/en/innodb-troubleshooting-datadict.html
InnoDB: for how to resolve the issue.
2019-07-01 10:26:22 12460 [ERROR] InnoDB: Table phpmyadmin/pma__central_columns in the InnoDB data dictionary has tablespace id 27, but tablespace with that id or name does not exist. Have you deleted or moved .ibd files? This may also be a table created with CREATE TEMPORARY TABLE whose .ibd and .frm files MySQL automatically removed, but the table still exists in the InnoDB internal data dictionary.
InnoDB: Please refer to
InnoDB: http://dev.mysql.com/doc/refman/5.6/en/innodb-troubleshooting-datadict.html
InnoDB: for how to resolve the issue.
2019-07-01 10:26:22 12460 [ERROR] InnoDB: Table phpmyadmin/pma__column_info in the InnoDB data dictionary has tablespace id 12, but tablespace with that id or name does not exist. Have you deleted or moved .ibd files? This may also be a table created with CREATE TEMPORARY TABLE whose .ibd and .frm files MySQL automatically removed, but the table still exists in the InnoDB internal data dictionary.
InnoDB: Please refer to
InnoDB: http://dev.mysql.com/doc/refman/5.6/en/innodb-troubleshooting-datadict.html
InnoDB: for how to resolve the issue.
2019-07-01 10:26:22 12460 [ERROR] InnoDB: Table phpmyadmin/pma__designer_settings in the InnoDB data dictionary has tablespace id 28, but tablespace with that id or name does not exist. Have you deleted or moved .ibd files? This may also be a table created with CREATE TEMPORARY TABLE whose .ibd and .frm files MySQL automatically removed, but the table still exists in the InnoDB internal data dictionary.
InnoDB: Please refer to
InnoDB: http://dev.mysql.com/doc/refman/5.6/en/innodb-troubleshooting-datadict.html
InnoDB: for how to resolve the issue.
2019-07-01 10:26:22 12460 [ERROR] InnoDB: Table phpmyadmin/pma__export_templates in the InnoDB data dictionary has tablespace id 29, but tablespace with that id or name does not exist. Have you deleted or moved .ibd files? This may also be a table created with CREATE TEMPORARY TABLE whose .ibd and .frm files MySQL automatically removed, but the table still exists in the InnoDB internal data dictionary.
InnoDB: Please refer to
InnoDB: http://dev.mysql.com/doc/refman/5.6/en/innodb-troubleshooting-datadict.html
InnoDB: for how to resolve the issue.
2019-07-01 10:26:22 12460 [ERROR] InnoDB: Table phpmyadmin/pma__favorite in the InnoDB data dictionary has tablespace id 16, but tablespace with that id or name does not exist. Have you deleted or moved .ibd files? This may also be a table created with CREATE TEMPORARY TABLE whose .ibd and .frm files MySQL automatically removed, but the table still exists in the InnoDB internal data dictionary.
InnoDB: Please refer to
InnoDB: http://dev.mysql.com/doc/refman/5.6/en/innodb-troubleshooting-datadict.html
InnoDB: for how to resolve the issue.
2019-07-01 10:26:22 12460 [ERROR] InnoDB: Table phpmyadmin/pma__history in the InnoDB data dictionary has tablespace id 13, but tablespace with that id or name does not exist. Have you deleted or moved .ibd files? This may also be a table created with CREATE TEMPORARY TABLE whose .ibd and .frm files MySQL automatically removed, but the table still exists in the InnoDB internal data dictionary.
InnoDB: Please refer to
InnoDB: http://dev.mysql.com/doc/refman/5.6/en/innodb-troubleshooting-datadict.html
InnoDB: for how to resolve the issue.
2019-07-01 10:26:22 12460 [ERROR] InnoDB: Table phpmyadmin/pma__navigationhiding in the InnoDB data dictionary has tablespace id 25, but tablespace with that id or name does not exist. Have you deleted or moved .ibd files? This may also be a table created with CREATE TEMPORARY TABLE whose .ibd and .frm files MySQL automatically removed, but the table still exists in the InnoDB internal data dictionary.
InnoDB: Please refer to
InnoDB: http://dev.mysql.com/doc/refman/5.6/en/innodb-troubleshooting-datadict.html
InnoDB: for how to resolve the issue.
2019-07-01 10:26:22 12460 [ERROR] InnoDB: Table phpmyadmin/pma__pdf_pages in the InnoDB data dictionary has tablespace id 14, but tablespace with that id or name does not exist. Have you deleted or moved .ibd files? This may also be a table created with CREATE TEMPORARY TABLE whose .ibd and .frm files MySQL automatically removed, but the table still exists in the InnoDB internal data dictionary.
InnoDB: Please refer to
InnoDB: http://dev.mysql.com/doc/refman/5.6/en/innodb-troubleshooting-datadict.html
InnoDB: for how to resolve the issue.
2019-07-01 10:26:22 12460 [ERROR] InnoDB: Table phpmyadmin/pma__recent in the InnoDB data dictionary has tablespace id 15, but tablespace with that id or name does not exist. Have you deleted or moved .ibd files? This may also be a table created with CREATE TEMPORARY TABLE whose .ibd and .frm files MySQL automatically removed, but the table still exists in the InnoDB internal data dictionary.
InnoDB: Please refer to
InnoDB: http://dev.mysql.com/doc/refman/5.6/en/innodb-troubleshooting-datadict.html
InnoDB: for how to resolve the issue.
2019-07-01 10:26:22 12460 [ERROR] InnoDB: Table phpmyadmin/pma__relation in the InnoDB data dictionary has tablespace id 18, but tablespace with that id or name does not exist. Have you deleted or moved .ibd files? This may also be a table created with CREATE TEMPORARY TABLE whose .ibd and .frm files MySQL automatically removed, but the table still exists in the InnoDB internal data dictionary.
InnoDB: Please refer to
InnoDB: http://dev.mysql.com/doc/refman/5.6/en/innodb-troubleshooting-datadict.html
InnoDB: for how to resolve the issue.
2019-07-01 10:26:22 12460 [ERROR] InnoDB: Table phpmyadmin/pma__savedsearches in the InnoDB data dictionary has tablespace id 26, but tablespace with that id or name does not exist. Have you deleted or moved .ibd files? This may also be a table created with CREATE TEMPORARY TABLE whose .ibd and .frm files MySQL automatically removed, but the table still exists in the InnoDB internal data dictionary.
InnoDB: Please refer to
InnoDB: http://dev.mysql.com/doc/refman/5.6/en/innodb-troubleshooting-datadict.html
InnoDB: for how to resolve the issue.
2019-07-01 10:26:22 12460 [ERROR] InnoDB: Table phpmyadmin/pma__table_coords in the InnoDB data dictionary has tablespace id 19, but tablespace with that id or name does not exist. Have you deleted or moved .ibd files? This may also be a table created with CREATE TEMPORARY TABLE whose .ibd and .frm files MySQL automatically removed, but the table still exists in the InnoDB internal data dictionary.
InnoDB: Please refer to
InnoDB: http://dev.mysql.com/doc/refman/5.6/en/innodb-troubleshooting-datadict.html
InnoDB: for how to resolve the issue.
2019-07-01 10:26:22 12460 [ERROR] InnoDB: Table phpmyadmin/pma__table_info in the InnoDB data dictionary has tablespace id 20, but tablespace with that id or name does not exist. Have you deleted or moved .ibd files? This may also be a table created with CREATE TEMPORARY TABLE whose .ibd and .frm files MySQL automatically removed, but the table still exists in the InnoDB internal data dictionary.
InnoDB: Please refer to
InnoDB: http://dev.mysql.com/doc/refman/5.6/en/innodb-troubleshooting-datadict.html
InnoDB: for how to resolve the issue.
2019-07-01 10:26:22 12460 [ERROR] InnoDB: Table phpmyadmin/pma__table_uiprefs in the InnoDB data dictionary has tablespace id 17, but tablespace with that id or name does not exist. Have you deleted or moved .ibd files? This may also be a table created with CREATE TEMPORARY TABLE whose .ibd and .frm files MySQL automatically removed, but the table still exists in the InnoDB internal data dictionary.
InnoDB: Please refer to
InnoDB: http://dev.mysql.com/doc/refman/5.6/en/innodb-troubleshooting-datadict.html
InnoDB: for how to resolve the issue.
2019-07-01 10:26:22 12460 [ERROR] InnoDB: Table phpmyadmin/pma__tracking in the InnoDB data dictionary has tablespace id 21, but tablespace with that id or name does not exist. Have you deleted or moved .ibd files? This may also be a table created with CREATE TEMPORARY TABLE whose .ibd and .frm files MySQL automatically removed, but the table still exists in the InnoDB internal data dictionary.
InnoDB: Please refer to
InnoDB: http://dev.mysql.com/doc/refman/5.6/en/innodb-troubleshooting-datadict.html
InnoDB: for how to resolve the issue.
2019-07-01 10:26:22 12460 [ERROR] InnoDB: Table phpmyadmin/pma__userconfig in the InnoDB data dictionary has tablespace id 22, but tablespace with that id or name does not exist. Have you deleted or moved .ibd files? This may also be a table created with CREATE TEMPORARY TABLE whose .ibd and .frm files MySQL automatically removed, but the table still exists in the InnoDB internal data dictionary.
InnoDB: Please refer to
InnoDB: http://dev.mysql.com/doc/refman/5.6/en/innodb-troubleshooting-datadict.html
InnoDB: for how to resolve the issue.
2019-07-01 10:26:22 12460 [ERROR] InnoDB: Table phpmyadmin/pma__usergroups in the InnoDB data dictionary has tablespace id 24, but tablespace with that id or name does not exist. Have you deleted or moved .ibd files? This may also be a table created with CREATE TEMPORARY TABLE whose .ibd and .frm files MySQL automatically removed, but the table still exists in the InnoDB internal data dictionary.
InnoDB: Please refer to
InnoDB: http://dev.mysql.com/doc/refman/5.6/en/innodb-troubleshooting-datadict.html
InnoDB: for how to resolve the issue.
2019-07-01 10:26:22 12460 [ERROR] InnoDB: Table phpmyadmin/pma__users in the InnoDB data dictionary has tablespace id 23, but tablespace with that id or name does not exist. Have you deleted or moved .ibd files? This may also be a table created with CREATE TEMPORARY TABLE whose .ibd and .frm files MySQL automatically removed, but the table still exists in the InnoDB internal data dictionary.
InnoDB: Please refer to
InnoDB: http://dev.mysql.com/doc/refman/5.6/en/innodb-troubleshooting-datadict.html
InnoDB: for how to resolve the issue.
2019-07-01 10:26:22 12460 [Note] InnoDB: 128 rollback segment(s) are active.
2019-07-01 10:26:22 12460 [Note] InnoDB: Waiting for purge to start
2019-07-01 10:26:22 12460 [Note] InnoDB:  Percona XtraDB (http://www.percona.com) 5.6.36-82.2 started; log sequence number 1835542
2019-07-01 10:26:23 3812 [Note] InnoDB: Dumping buffer pool(s) not yet started
2019-07-01 10:26:23 12460 [Note] Plugin 'FEEDBACK' is disabled.
2019-07-01 10:26:23 12460 [Note] Server socket created on IP: '::'.
2019-07-01 10:26:23 12460 [ERROR] Can't start server: Bind on TCP/IP port. Got error: 10048: Une seule utilisation de chaque adresse de socket (protocole/adresse réseau/port) est habituellement autorisée.

2019-07-01 10:26:23 12460 [ERROR] Do you already have another mysqld server running on port: 3306 ?
2019-07-01 10:26:23 12460 [ERROR] Aborting

2019-07-01 10:30:30 32 [Note] InnoDB: Using mutexes to ref count buffer pool pages
2019-07-01 10:30:30 32 [Note] InnoDB: The InnoDB memory heap is disabled
2019-07-01 10:30:30 32 [Note] InnoDB: Mutexes and rw_locks use Windows interlocked functions
2019-07-01 10:30:30 32 [Note] InnoDB: _mm_lfence() and _mm_sfence() are used for memory barrier
2019-07-01 10:30:30 32 [Note] InnoDB: Compressed tables use zlib 1.2.3
2019-07-01 10:30:30 32 [Note] InnoDB: Using generic crc32 instructions
2019-07-01 10:30:30 32 [Note] InnoDB: Initializing buffer pool, size = 256.0M
2019-07-01 10:30:30 32 [Note] InnoDB: Completed initialization of buffer pool
2019-07-01 10:30:30 32 [Note] InnoDB: Highest supported file format is Barracuda.
2019-07-01 10:30:30 20  InnoDB: Operating system error number 3 in a file operation.
InnoDB: The error means the system cannot find the path specified.
InnoDB: If you are installing InnoDB, remember that you must create
InnoDB: directories yourself, InnoDB does not create them.
2019-07-01 10:30:30 32 [ERROR] InnoDB: Could not find a valid tablespace file for 'phpmyadmin/pma__bookmark'. See http://dev.mysql.com/doc/refman/5.6/en/innodb-troubleshooting-datadict.html for how to resolve the issue.
2019-07-01 10:30:30 32 [ERROR] InnoDB: Tablespace open failed for '"phpmyadmin"."pma__bookmark"', ignored.
2019-07-01 10:30:30 20  InnoDB: Operating system error number 3 in a file operation.
InnoDB: The error means the system cannot find the path specified.
InnoDB: If you are installing InnoDB, remember that you must create
InnoDB: directories yourself, InnoDB does not create them.
2019-07-01 10:30:30 32 [ERROR] InnoDB: Could not find a valid tablespace file for 'phpmyadmin/pma__central_columns'. See http://dev.mysql.com/doc/refman/5.6/en/innodb-troubleshooting-datadict.html for how to resolve the issue.
2019-07-01 10:30:30 32 [ERROR] InnoDB: Tablespace open failed for '"phpmyadmin"."pma__central_columns"', ignored.
2019-07-01 10:30:30 20  InnoDB: Operating system error number 3 in a file operation.
InnoDB: The error means the system cannot find the path specified.
InnoDB: If you are installing InnoDB, remember that you must create
InnoDB: directories yourself, InnoDB does not create them.
2019-07-01 10:30:30 32 [ERROR] InnoDB: Could not find a valid tablespace file for 'phpmyadmin/pma__column_info'. See http://dev.mysql.com/doc/refman/5.6/en/innodb-troubleshooting-datadict.html for how to resolve the issue.
2019-07-01 10:30:30 32 [ERROR] InnoDB: Tablespace open failed for '"phpmyadmin"."pma__column_info"', ignored.
2019-07-01 10:30:30 20  InnoDB: Operating system error number 3 in a file operation.
InnoDB: The error means the system cannot find the path specified.
InnoDB: If you are installing InnoDB, remember that you must create
InnoDB: directories yourself, InnoDB does not create them.
2019-07-01 10:30:30 32 [ERROR] InnoDB: Could not find a valid tablespace file for 'phpmyadmin/pma__designer_settings'. See http://dev.mysql.com/doc/refman/5.6/en/innodb-troubleshooting-datadict.html for how to resolve the issue.
2019-07-01 10:30:30 32 [ERROR] InnoDB: Tablespace open failed for '"phpmyadmin"."pma__designer_settings"', ignored.
2019-07-01 10:30:30 20  InnoDB: Operating system error number 3 in a file operation.
InnoDB: The error means the system cannot find the path specified.
InnoDB: If you are installing InnoDB, remember that you must create
InnoDB: directories yourself, InnoDB does not create them.
2019-07-01 10:30:30 32 [ERROR] InnoDB: Could not find a valid tablespace file for 'phpmyadmin/pma__export_templates'. See http://dev.mysql.com/doc/refman/5.6/en/innodb-troubleshooting-datadict.html for how to resolve the issue.
2019-07-01 10:30:30 32 [ERROR] InnoDB: Tablespace open failed for '"phpmyadmin"."pma__export_templates"', ignored.
2019-07-01 10:30:30 20  InnoDB: Operating system error number 3 in a file operation.
InnoDB: The error means the system cannot find the path specified.
InnoDB: If you are installing InnoDB, remember that you must create
InnoDB: directories yourself, InnoDB does not create them.
2019-07-01 10:30:30 32 [ERROR] InnoDB: Could not find a valid tablespace file for 'phpmyadmin/pma__favorite'. See http://dev.mysql.com/doc/refman/5.6/en/innodb-troubleshooting-datadict.html for how to resolve the issue.
2019-07-01 10:30:30 32 [ERROR] InnoDB: Tablespace open failed for '"phpmyadmin"."pma__favorite"', ignored.
2019-07-01 10:30:30 20  InnoDB: Operating system error number 3 in a file operation.
InnoDB: The error means the system cannot find the path specified.
InnoDB: If you are installing InnoDB, remember that you must create
InnoDB: directories yourself, InnoDB does not create them.
2019-07-01 10:30:30 32 [ERROR] InnoDB: Could not find a valid tablespace file for 'phpmyadmin/pma__history'. See http://dev.mysql.com/doc/refman/5.6/en/innodb-troubleshooting-datadict.html for how to resolve the issue.
2019-07-01 10:30:30 32 [ERROR] InnoDB: Tablespace open failed for '"phpmyadmin"."pma__history"', ignored.
2019-07-01 10:30:30 20  InnoDB: Operating system error number 3 in a file operation.
InnoDB: The error means the system cannot find the path specified.
InnoDB: If you are installing InnoDB, remember that you must create
InnoDB: directories yourself, InnoDB does not create them.
2019-07-01 10:30:30 32 [ERROR] InnoDB: Could not find a valid tablespace file for 'phpmyadmin/pma__navigationhiding'. See http://dev.mysql.com/doc/refman/5.6/en/innodb-troubleshooting-datadict.html for how to resolve the issue.
2019-07-01 10:30:30 32 [ERROR] InnoDB: Tablespace open failed for '"phpmyadmin"."pma__navigationhiding"', ignored.
2019-07-01 10:30:30 20  InnoDB: Operating system error number 3 in a file operation.
InnoDB: The error means the system cannot find the path specified.
InnoDB: If you are installing InnoDB, remember that you must create
InnoDB: directories yourself, InnoDB does not create them.
2019-07-01 10:30:30 32 [ERROR] InnoDB: Could not find a valid tablespace file for 'phpmyadmin/pma__pdf_pages'. See http://dev.mysql.com/doc/refman/5.6/en/innodb-troubleshooting-datadict.html for how to resolve the issue.
2019-07-01 10:30:30 32 [ERROR] InnoDB: Tablespace open failed for '"phpmyadmin"."pma__pdf_pages"', ignored.
2019-07-01 10:30:30 20  InnoDB: Operating system error number 3 in a file operation.
InnoDB: The error means the system cannot find the path specified.
InnoDB: If you are installing InnoDB, remember that you must create
InnoDB: directories yourself, InnoDB does not create them.
2019-07-01 10:30:30 32 [ERROR] InnoDB: Could not find a valid tablespace file for 'phpmyadmin/pma__recent'. See http://dev.mysql.com/doc/refman/5.6/en/innodb-troubleshooting-datadict.html for how to resolve the issue.
2019-07-01 10:30:30 32 [ERROR] InnoDB: Tablespace open failed for '"phpmyadmin"."pma__recent"', ignored.
2019-07-01 10:30:30 20  InnoDB: Operating system error number 3 in a file operation.
InnoDB: The error means the system cannot find the path specified.
InnoDB: If you are installing InnoDB, remember that you must create
InnoDB: directories yourself, InnoDB does not create them.
2019-07-01 10:30:30 32 [ERROR] InnoDB: Could not find a valid tablespace file for 'phpmyadmin/pma__relation'. See http://dev.mysql.com/doc/refman/5.6/en/innodb-troubleshooting-datadict.html for how to resolve the issue.
2019-07-01 10:30:30 32 [ERROR] InnoDB: Tablespace open failed for '"phpmyadmin"."pma__relation"', ignored.
2019-07-01 10:30:30 20  InnoDB: Operating system error number 3 in a file operation.
InnoDB: The error means the system cannot find the path specified.
InnoDB: If you are installing InnoDB, remember that you must create
InnoDB: directories yourself, InnoDB does not create them.
2019-07-01 10:30:30 32 [ERROR] InnoDB: Could not find a valid tablespace file for 'phpmyadmin/pma__savedsearches'. See http://dev.mysql.com/doc/refman/5.6/en/innodb-troubleshooting-datadict.html for how to resolve the issue.
2019-07-01 10:30:30 32 [ERROR] InnoDB: Tablespace open failed for '"phpmyadmin"."pma__savedsearches"', ignored.
2019-07-01 10:30:30 20  InnoDB: Operating system error number 3 in a file operation.
InnoDB: The error means the system cannot find the path specified.
InnoDB: If you are installing InnoDB, remember that you must create
InnoDB: directories yourself, InnoDB does not create them.
2019-07-01 10:30:30 32 [ERROR] InnoDB: Could not find a valid tablespace file for 'phpmyadmin/pma__table_coords'. See http://dev.mysql.com/doc/refman/5.6/en/innodb-troubleshooting-datadict.html for how to resolve the issue.
2019-07-01 10:30:30 32 [ERROR] InnoDB: Tablespace open failed for '"phpmyadmin"."pma__table_coords"', ignored.
2019-07-01 10:30:30 20  InnoDB: Operating system error number 3 in a file operation.
InnoDB: The error means the system cannot find the path specified.
InnoDB: If you are installing InnoDB, remember that you must create
InnoDB: directories yourself, InnoDB does not create them.
2019-07-01 10:30:30 32 [ERROR] InnoDB: Could not find a valid tablespace file for 'phpmyadmin/pma__table_info'. See http://dev.mysql.com/doc/refman/5.6/en/innodb-troubleshooting-datadict.html for how to resolve the issue.
2019-07-01 10:30:30 32 [ERROR] InnoDB: Tablespace open failed for '"phpmyadmin"."pma__table_info"', ignored.
2019-07-01 10:30:30 20  InnoDB: Operating system error number 3 in a file operation.
InnoDB: The error means the system cannot find the path specified.
InnoDB: If you are installing InnoDB, remember that you must create
InnoDB: directories yourself, InnoDB does not create them.
2019-07-01 10:30:30 32 [ERROR] InnoDB: Could not find a valid tablespace file for 'phpmyadmin/pma__table_uiprefs'. See http://dev.mysql.com/doc/refman/5.6/en/innodb-troubleshooting-datadict.html for how to resolve the issue.
2019-07-01 10:30:30 32 [ERROR] InnoDB: Tablespace open failed for '"phpmyadmin"."pma__table_uiprefs"', ignored.
2019-07-01 10:30:30 20  InnoDB: Operating system error number 3 in a file operation.
InnoDB: The error means the system cannot find the path specified.
InnoDB: If you are installing InnoDB, remember that you must create
InnoDB: directories yourself, InnoDB does not create them.
2019-07-01 10:30:30 32 [ERROR] InnoDB: Could not find a valid tablespace file for 'phpmyadmin/pma__tracking'. See http://dev.mysql.com/doc/refman/5.6/en/innodb-troubleshooting-datadict.html for how to resolve the issue.
2019-07-01 10:30:30 32 [ERROR] InnoDB: Tablespace open failed for '"phpmyadmin"."pma__tracking"', ignored.
2019-07-01 10:30:30 20  InnoDB: Operating system error number 3 in a file operation.
InnoDB: The error means the system cannot find the path specified.
InnoDB: If you are installing InnoDB, remember that you must create
InnoDB: directories yourself, InnoDB does not create them.
2019-07-01 10:30:30 32 [ERROR] InnoDB: Could not find a valid tablespace file for 'phpmyadmin/pma__userconfig'. See http://dev.mysql.com/doc/refman/5.6/en/innodb-troubleshooting-datadict.html for how to resolve the issue.
2019-07-01 10:30:30 32 [ERROR] InnoDB: Tablespace open failed for '"phpmyadmin"."pma__userconfig"', ignored.
2019-07-01 10:30:30 20  InnoDB: Operating system error number 3 in a file operation.
InnoDB: The error means the system cannot find the path specified.
InnoDB: If you are installing InnoDB, remember that you must create
InnoDB: directories yourself, InnoDB does not create them.
2019-07-01 10:30:30 32 [ERROR] InnoDB: Could not find a valid tablespace file for 'phpmyadmin/pma__usergroups'. See http://dev.mysql.com/doc/refman/5.6/en/innodb-troubleshooting-datadict.html for how to resolve the issue.
2019-07-01 10:30:30 32 [ERROR] InnoDB: Tablespace open failed for '"phpmyadmin"."pma__usergroups"', ignored.
2019-07-01 10:30:30 20  InnoDB: Operating system error number 3 in a file operation.
InnoDB: The error means the system cannot find the path specified.
InnoDB: If you are installing InnoDB, remember that you must create
InnoDB: directories yourself, InnoDB does not create them.
2019-07-01 10:30:30 32 [ERROR] InnoDB: Could not find a valid tablespace file for 'phpmyadmin/pma__users'. See http://dev.mysql.com/doc/refman/5.6/en/innodb-troubleshooting-datadict.html for how to resolve the issue.
2019-07-01 10:30:30 32 [ERROR] InnoDB: Tablespace open failed for '"phpmyadmin"."pma__users"', ignored.
2019-07-01 10:30:30 32 [Note] InnoDB: 128 rollback segment(s) are active.
2019-07-01 10:30:30 32 [Note] InnoDB: Waiting for purge to start
2019-07-01 10:30:30 32 [Note] InnoDB:  Percona XtraDB (http://www.percona.com) 5.6.36-82.2 started; log sequence number 1835552
2019-07-01 10:30:31 13072 [Note] InnoDB: Dumping buffer pool(s) not yet started
2019-07-01 10:30:31 32 [Note] Plugin 'FEEDBACK' is disabled.
2019-07-01 10:30:31 32 [Note] Server socket created on IP: '::'.
2019-07-01 10:30:31 32 [ERROR] Can't start server: Bind on TCP/IP port. Got error: 10048: Une seule utilisation de chaque adresse de socket (protocole/adresse réseau/port) est habituellement autorisée.

2019-07-01 10:30:31 32 [ERROR] Do you already have another mysqld server running on port: 3306 ?
2019-07-01 10:30:31 32 [ERROR] Aborting

2019-07-01 11:31:57 15472 [Note] InnoDB: Using mutexes to ref count buffer pool pages
2019-07-01 11:31:57 15472 [Note] InnoDB: The InnoDB memory heap is disabled
2019-07-01 11:31:57 15472 [Note] InnoDB: Mutexes and rw_locks use Windows interlocked functions
2019-07-01 11:31:57 15472 [Note] InnoDB: _mm_lfence() and _mm_sfence() are used for memory barrier
2019-07-01 11:31:57 15472 [Note] InnoDB: Compressed tables use zlib 1.2.3
2019-07-01 11:31:57 15472 [Note] InnoDB: Using generic crc32 instructions
2019-07-01 11:31:57 15472 [Note] InnoDB: Initializing buffer pool, size = 256.0M
2019-07-01 11:31:57 15472 [Note] InnoDB: Completed initialization of buffer pool
2019-07-01 11:31:58 15472 [Note] InnoDB: Highest supported file format is Barracuda.
2019-07-01 11:31:58 3c70  InnoDB: Operating system error number 3 in a file operation.
InnoDB: The error means the system cannot find the path specified.
InnoDB: If you are installing InnoDB, remember that you must create
InnoDB: directories yourself, InnoDB does not create them.
2019-07-01 11:31:58 15472 [ERROR] InnoDB: Could not find a valid tablespace file for 'phpmyadmin/pma__bookmark'. See http://dev.mysql.com/doc/refman/5.6/en/innodb-troubleshooting-datadict.html for how to resolve the issue.
2019-07-01 11:31:58 15472 [ERROR] InnoDB: Tablespace open failed for '"phpmyadmin"."pma__bookmark"', ignored.
2019-07-01 11:31:58 3c70  InnoDB: Operating system error number 3 in a file operation.
InnoDB: The error means the system cannot find the path specified.
InnoDB: If you are installing InnoDB, remember that you must create
InnoDB: directories yourself, InnoDB does not create them.
2019-07-01 11:31:58 15472 [ERROR] InnoDB: Could not find a valid tablespace file for 'phpmyadmin/pma__central_columns'. See http://dev.mysql.com/doc/refman/5.6/en/innodb-troubleshooting-datadict.html for how to resolve the issue.
2019-07-01 11:31:58 15472 [ERROR] InnoDB: Tablespace open failed for '"phpmyadmin"."pma__central_columns"', ignored.
2019-07-01 11:31:58 3c70  InnoDB: Operating system error number 3 in a file operation.
InnoDB: The error means the system cannot find the path specified.
InnoDB: If you are installing InnoDB, remember that you must create
InnoDB: directories yourself, InnoDB does not create them.
2019-07-01 11:31:58 15472 [ERROR] InnoDB: Could not find a valid tablespace file for 'phpmyadmin/pma__column_info'. See http://dev.mysql.com/doc/refman/5.6/en/innodb-troubleshooting-datadict.html for how to resolve the issue.
2019-07-01 11:31:58 15472 [ERROR] InnoDB: Tablespace open failed for '"phpmyadmin"."pma__column_info"', ignored.
2019-07-01 11:31:58 3c70  InnoDB: Operating system error number 3 in a file operation.
InnoDB: The error means the system cannot find the path specified.
InnoDB: If you are installing InnoDB, remember that you must create
InnoDB: directories yourself, InnoDB does not create them.
2019-07-01 11:31:58 15472 [ERROR] InnoDB: Could not find a valid tablespace file for 'phpmyadmin/pma__designer_settings'. See http://dev.mysql.com/doc/refman/5.6/en/innodb-troubleshooting-datadict.html for how to resolve the issue.
2019-07-01 11:31:58 15472 [ERROR] InnoDB: Tablespace open failed for '"phpmyadmin"."pma__designer_settings"', ignored.
2019-07-01 11:31:58 3c70  InnoDB: Operating system error number 3 in a file operation.
InnoDB: The error means the system cannot find the path specified.
InnoDB: If you are installing InnoDB, remember that you must create
InnoDB: directories yourself, InnoDB does not create them.
2019-07-01 11:31:58 15472 [ERROR] InnoDB: Could not find a valid tablespace file for 'phpmyadmin/pma__export_templates'. See http://dev.mysql.com/doc/refman/5.6/en/innodb-troubleshooting-datadict.html for how to resolve the issue.
2019-07-01 11:31:58 15472 [ERROR] InnoDB: Tablespace open failed for '"phpmyadmin"."pma__export_templates"', ignored.
2019-07-01 11:31:58 3c70  InnoDB: Operating system error number 3 in a file operation.
InnoDB: The error means the system cannot find the path specified.
InnoDB: If you are installing InnoDB, remember that you must create
InnoDB: directories yourself, InnoDB does not create them.
2019-07-01 11:31:58 15472 [ERROR] InnoDB: Could not find a valid tablespace file for 'phpmyadmin/pma__favorite'. See http://dev.mysql.com/doc/refman/5.6/en/innodb-troubleshooting-datadict.html for how to resolve the issue.
2019-07-01 11:31:58 15472 [ERROR] InnoDB: Tablespace open failed for '"phpmyadmin"."pma__favorite"', ignored.
2019-07-01 11:31:58 3c70  InnoDB: Operating system error number 3 in a file operation.
InnoDB: The error means the system cannot find the path specified.
InnoDB: If you are installing InnoDB, remember that you must create
InnoDB: directories yourself, InnoDB does not create them.
2019-07-01 11:31:58 15472 [ERROR] InnoDB: Could not find a valid tablespace file for 'phpmyadmin/pma__history'. See http://dev.mysql.com/doc/refman/5.6/en/innodb-troubleshooting-datadict.html for how to resolve the issue.
2019-07-01 11:31:58 15472 [ERROR] InnoDB: Tablespace open failed for '"phpmyadmin"."pma__history"', ignored.
2019-07-01 11:31:58 3c70  InnoDB: Operating system error number 3 in a file operation.
InnoDB: The error means the system cannot find the path specified.
InnoDB: If you are installing InnoDB, remember that you must create
InnoDB: directories yourself, InnoDB does not create them.
2019-07-01 11:31:58 15472 [ERROR] InnoDB: Could not find a valid tablespace file for 'phpmyadmin/pma__navigationhiding'. See http://dev.mysql.com/doc/refman/5.6/en/innodb-troubleshooting-datadict.html for how to resolve the issue.
2019-07-01 11:31:58 15472 [ERROR] InnoDB: Tablespace open failed for '"phpmyadmin"."pma__navigationhiding"', ignored.
2019-07-01 11:31:58 3c70  InnoDB: Operating system error number 3 in a file operation.
InnoDB: The error means the system cannot find the path specified.
InnoDB: If you are installing InnoDB, remember that you must create
InnoDB: directories yourself, InnoDB does not create them.
2019-07-01 11:31:58 15472 [ERROR] InnoDB: Could not find a valid tablespace file for 'phpmyadmin/pma__pdf_pages'. See http://dev.mysql.com/doc/refman/5.6/en/innodb-troubleshooting-datadict.html for how to resolve the issue.
2019-07-01 11:31:58 15472 [ERROR] InnoDB: Tablespace open failed for '"phpmyadmin"."pma__pdf_pages"', ignored.
2019-07-01 11:31:58 3c70  InnoDB: Operating system error number 3 in a file operation.
InnoDB: The error means the system cannot find the path specified.
InnoDB: If you are installing InnoDB, remember that you must create
InnoDB: directories yourself, InnoDB does not create them.
2019-07-01 11:31:58 15472 [ERROR] InnoDB: Could not find a valid tablespace file for 'phpmyadmin/pma__recent'. See http://dev.mysql.com/doc/refman/5.6/en/innodb-troubleshooting-datadict.html for how to resolve the issue.
2019-07-01 11:31:58 15472 [ERROR] InnoDB: Tablespace open failed for '"phpmyadmin"."pma__recent"', ignored.
2019-07-01 11:31:58 3c70  InnoDB: Operating system error number 3 in a file operation.
InnoDB: The error means the system cannot find the path specified.
InnoDB: If you are installing InnoDB, remember that you must create
InnoDB: directories yourself, InnoDB does not create them.
2019-07-01 11:31:58 15472 [ERROR] InnoDB: Could not find a valid tablespace file for 'phpmyadmin/pma__relation'. See http://dev.mysql.com/doc/refman/5.6/en/innodb-troubleshooting-datadict.html for how to resolve the issue.
2019-07-01 11:31:58 15472 [ERROR] InnoDB: Tablespace open failed for '"phpmyadmin"."pma__relation"', ignored.
2019-07-01 11:31:58 3c70  InnoDB: Operating system error number 3 in a file operation.
InnoDB: The error means the system cannot find the path specified.
InnoDB: If you are installing InnoDB, remember that you must create
InnoDB: directories yourself, InnoDB does not create them.
2019-07-01 11:31:58 15472 [ERROR] InnoDB: Could not find a valid tablespace file for 'phpmyadmin/pma__savedsearches'. See http://dev.mysql.com/doc/refman/5.6/en/innodb-troubleshooting-datadict.html for how to resolve the issue.
2019-07-01 11:31:58 15472 [ERROR] InnoDB: Tablespace open failed for '"phpmyadmin"."pma__savedsearches"', ignored.
2019-07-01 11:31:58 3c70  InnoDB: Operating system error number 3 in a file operation.
InnoDB: The error means the system cannot find the path specified.
InnoDB: If you are installing InnoDB, remember that you must create
InnoDB: directories yourself, InnoDB does not create them.
2019-07-01 11:31:58 15472 [ERROR] InnoDB: Could not find a valid tablespace file for 'phpmyadmin/pma__table_coords'. See http://dev.mysql.com/doc/refman/5.6/en/innodb-troubleshooting-datadict.html for how to resolve the issue.
2019-07-01 11:31:58 15472 [ERROR] InnoDB: Tablespace open failed for '"phpmyadmin"."pma__table_coords"', ignored.
2019-07-01 11:31:58 3c70  InnoDB: Operating system error number 3 in a file operation.
InnoDB: The error means the system cannot find the path specified.
InnoDB: If you are installing InnoDB, remember that you must create
InnoDB: directories yourself, InnoDB does not create them.
2019-07-01 11:31:58 15472 [ERROR] InnoDB: Could not find a valid tablespace file for 'phpmyadmin/pma__table_info'. See http://dev.mysql.com/doc/refman/5.6/en/innodb-troubleshooting-datadict.html for how to resolve the issue.
2019-07-01 11:31:58 15472 [ERROR] InnoDB: Tablespace open failed for '"phpmyadmin"."pma__table_info"', ignored.
2019-07-01 11:31:58 3c70  InnoDB: Operating system error number 3 in a file operation.
InnoDB: The error means the system cannot find the path specified.
InnoDB: If you are installing InnoDB, remember that you must create
InnoDB: directories yourself, InnoDB does not create them.
2019-07-01 11:31:58 15472 [ERROR] InnoDB: Could not find a valid tablespace file for 'phpmyadmin/pma__table_uiprefs'. See http://dev.mysql.com/doc/refman/5.6/en/innodb-troubleshooting-datadict.html for how to resolve the issue.
2019-07-01 11:31:58 15472 [ERROR] InnoDB: Tablespace open failed for '"phpmyadmin"."pma__table_uiprefs"', ignored.
2019-07-01 11:31:58 3c70  InnoDB: Operating system error number 3 in a file operation.
InnoDB: The error means the system cannot find the path specified.
InnoDB: If you are installing InnoDB, remember that you must create
InnoDB: directories yourself, InnoDB does not create them.
2019-07-01 11:31:58 15472 [ERROR] InnoDB: Could not find a valid tablespace file for 'phpmyadmin/pma__tracking'. See http://dev.mysql.com/doc/refman/5.6/en/innodb-troubleshooting-datadict.html for how to resolve the issue.
2019-07-01 11:31:58 15472 [ERROR] InnoDB: Tablespace open failed for '"phpmyadmin"."pma__tracking"', ignored.
2019-07-01 11:31:58 3c70  InnoDB: Operating system error number 3 in a file operation.
InnoDB: The error means the system cannot find the path specified.
InnoDB: If you are installing InnoDB, remember that you must create
InnoDB: directories yourself, InnoDB does not create them.
2019-07-01 11:31:58 15472 [ERROR] InnoDB: Could not find a valid tablespace file for 'phpmyadmin/pma__userconfig'. See http://dev.mysql.com/doc/refman/5.6/en/innodb-troubleshooting-datadict.html for how to resolve the issue.
2019-07-01 11:31:58 15472 [ERROR] InnoDB: Tablespace open failed for '"phpmyadmin"."pma__userconfig"', ignored.
2019-07-01 11:31:58 3c70  InnoDB: Operating system error number 3 in a file operation.
InnoDB: The error means the system cannot find the path specified.
InnoDB: If you are installing InnoDB, remember that you must create
InnoDB: directories yourself, InnoDB does not create them.
2019-07-01 11:31:58 15472 [ERROR] InnoDB: Could not find a valid tablespace file for 'phpmyadmin/pma__usergroups'. See http://dev.mysql.com/doc/refman/5.6/en/innodb-troubleshooting-datadict.html for how to resolve the issue.
2019-07-01 11:31:58 15472 [ERROR] InnoDB: Tablespace open failed for '"phpmyadmin"."pma__usergroups"', ignored.
2019-07-01 11:31:58 3c70  InnoDB: Operating system error number 3 in a file operation.
InnoDB: The error means the system cannot find the path specified.
InnoDB: If you are installing InnoDB, remember that you must create
InnoDB: directories yourself, InnoDB does not create them.
2019-07-01 11:31:58 15472 [ERROR] InnoDB: Could not find a valid tablespace file for 'phpmyadmin/pma__users'. See http://dev.mysql.com/doc/refman/5.6/en/innodb-troubleshooting-datadict.html for how to resolve the issue.
2019-07-01 11:31:58 15472 [ERROR] InnoDB: Tablespace open failed for '"phpmyadmin"."pma__users"', ignored.
2019-07-01 11:31:58 15472 [Note] InnoDB: 128 rollback segment(s) are active.
2019-07-01 11:31:58 15472 [Note] InnoDB: Waiting for purge to start
2019-07-01 11:31:58 15472 [Note] InnoDB:  Percona XtraDB (http://www.percona.com) 5.6.36-82.2 started; log sequence number 1835562
2019-07-01 11:31:59 17336 [Note] InnoDB: Dumping buffer pool(s) not yet started
2019-07-01 11:31:59 15472 [Note] Plugin 'FEEDBACK' is disabled.
2019-07-01 11:31:59 15472 [Note] Server socket created on IP: '::'.
2019-07-01 11:31:59 15472 [ERROR] Can't start server: Bind on TCP/IP port. Got error: 10048: Une seule utilisation de chaque adresse de socket (protocole/adresse réseau/port) est habituellement autorisée.

2019-07-01 11:31:59 15472 [ERROR] Do you already have another mysqld server running on port: 3306 ?
2019-07-01 11:31:59 15472 [ERROR] Aborting

2019-07-01 11:32:29 13452 [Note] InnoDB: Using mutexes to ref count buffer pool pages
2019-07-01 11:32:29 13452 [Note] InnoDB: The InnoDB memory heap is disabled
2019-07-01 11:32:29 13452 [Note] InnoDB: Mutexes and rw_locks use Windows interlocked functions
2019-07-01 11:32:29 13452 [Note] InnoDB: _mm_lfence() and _mm_sfence() are used for memory barrier
2019-07-01 11:32:29 13452 [Note] InnoDB: Compressed tables use zlib 1.2.3
2019-07-01 11:32:29 13452 [Note] InnoDB: Using generic crc32 instructions
2019-07-01 11:32:29 13452 [Note] InnoDB: Initializing buffer pool, size = 256.0M
2019-07-01 11:32:29 13452 [Note] InnoDB: Completed initialization of buffer pool
2019-07-01 11:32:29 13452 [Note] InnoDB: Highest supported file format is Barracuda.
2019-07-01 11:32:30 348c  InnoDB: Operating system error number 3 in a file operation.
InnoDB: The error means the system cannot find the path specified.
InnoDB: If you are installing InnoDB, remember that you must create
InnoDB: directories yourself, InnoDB does not create them.
2019-07-01 11:32:30 13452 [ERROR] InnoDB: Could not find a valid tablespace file for 'phpmyadmin/pma__bookmark'. See http://dev.mysql.com/doc/refman/5.6/en/innodb-troubleshooting-datadict.html for how to resolve the issue.
2019-07-01 11:32:30 13452 [ERROR] InnoDB: Tablespace open failed for '"phpmyadmin"."pma__bookmark"', ignored.
2019-07-01 11:32:30 348c  InnoDB: Operating system error number 3 in a file operation.
InnoDB: The error means the system cannot find the path specified.
InnoDB: If you are installing InnoDB, remember that you must create
InnoDB: directories yourself, InnoDB does not create them.
2019-07-01 11:32:30 13452 [ERROR] InnoDB: Could not find a valid tablespace file for 'phpmyadmin/pma__central_columns'. See http://dev.mysql.com/doc/refman/5.6/en/innodb-troubleshooting-datadict.html for how to resolve the issue.
2019-07-01 11:32:30 13452 [ERROR] InnoDB: Tablespace open failed for '"phpmyadmin"."pma__central_columns"', ignored.
2019-07-01 11:32:30 348c  InnoDB: Operating system error number 3 in a file operation.
InnoDB: The error means the system cannot find the path specified.
InnoDB: If you are installing InnoDB, remember that you must create
InnoDB: directories yourself, InnoDB does not create them.
2019-07-01 11:32:30 13452 [ERROR] InnoDB: Could not find a valid tablespace file for 'phpmyadmin/pma__column_info'. See http://dev.mysql.com/doc/refman/5.6/en/innodb-troubleshooting-datadict.html for how to resolve the issue.
2019-07-01 11:32:30 13452 [ERROR] InnoDB: Tablespace open failed for '"phpmyadmin"."pma__column_info"', ignored.
2019-07-01 11:32:30 348c  InnoDB: Operating system error number 3 in a file operation.
InnoDB: The error means the system cannot find the path specified.
InnoDB: If you are installing InnoDB, remember that you must create
InnoDB: directories yourself, InnoDB does not create them.
2019-07-01 11:32:30 13452 [ERROR] InnoDB: Could not find a valid tablespace file for 'phpmyadmin/pma__designer_settings'. See http://dev.mysql.com/doc/refman/5.6/en/innodb-troubleshooting-datadict.html for how to resolve the issue.
2019-07-01 11:32:30 13452 [ERROR] InnoDB: Tablespace open failed for '"phpmyadmin"."pma__designer_settings"', ignored.
2019-07-01 11:32:30 348c  InnoDB: Operating system error number 3 in a file operation.
InnoDB: The error means the system cannot find the path specified.
InnoDB: If you are installing InnoDB, remember that you must create
InnoDB: directories yourself, InnoDB does not create them.
2019-07-01 11:32:30 13452 [ERROR] InnoDB: Could not find a valid tablespace file for 'phpmyadmin/pma__export_templates'. See http://dev.mysql.com/doc/refman/5.6/en/innodb-troubleshooting-datadict.html for how to resolve the issue.
2019-07-01 11:32:30 13452 [ERROR] InnoDB: Tablespace open failed for '"phpmyadmin"."pma__export_templates"', ignored.
2019-07-01 11:32:30 348c  InnoDB: Operating system error number 3 in a file operation.
InnoDB: The error means the system cannot find the path specified.
InnoDB: If you are installing InnoDB, remember that you must create
InnoDB: directories yourself, InnoDB does not create them.
2019-07-01 11:32:30 13452 [ERROR] InnoDB: Could not find a valid tablespace file for 'phpmyadmin/pma__favorite'. See http://dev.mysql.com/doc/refman/5.6/en/innodb-troubleshooting-datadict.html for how to resolve the issue.
2019-07-01 11:32:30 13452 [ERROR] InnoDB: Tablespace open failed for '"phpmyadmin"."pma__favorite"', ignored.
2019-07-01 11:32:30 348c  InnoDB: Operating system error number 3 in a file operation.
InnoDB: The error means the system cannot find the path specified.
InnoDB: If you are installing InnoDB, remember that you must create
InnoDB: directories yourself, InnoDB does not create them.
2019-07-01 11:32:30 13452 [ERROR] InnoDB: Could not find a valid tablespace file for 'phpmyadmin/pma__history'. See http://dev.mysql.com/doc/refman/5.6/en/innodb-troubleshooting-datadict.html for how to resolve the issue.
2019-07-01 11:32:30 13452 [ERROR] InnoDB: Tablespace open failed for '"phpmyadmin"."pma__history"', ignored.
2019-07-01 11:32:30 348c  InnoDB: Operating system error number 3 in a file operation.
InnoDB: The error means the system cannot find the path specified.
InnoDB: If you are installing InnoDB, remember that you must create
InnoDB: directories yourself, InnoDB does not create them.
2019-07-01 11:32:30 13452 [ERROR] InnoDB: Could not find a valid tablespace file for 'phpmyadmin/pma__navigationhiding'. See http://dev.mysql.com/doc/refman/5.6/en/innodb-troubleshooting-datadict.html for how to resolve the issue.
2019-07-01 11:32:30 13452 [ERROR] InnoDB: Tablespace open failed for '"phpmyadmin"."pma__navigationhiding"', ignored.
2019-07-01 11:32:30 348c  InnoDB: Operating system error number 3 in a file operation.
InnoDB: The error means the system cannot find the path specified.
InnoDB: If you are installing InnoDB, remember that you must create
InnoDB: directories yourself, InnoDB does not create them.
2019-07-01 11:32:30 13452 [ERROR] InnoDB: Could not find a valid tablespace file for 'phpmyadmin/pma__pdf_pages'. See http://dev.mysql.com/doc/refman/5.6/en/innodb-troubleshooting-datadict.html for how to resolve the issue.
2019-07-01 11:32:30 13452 [ERROR] InnoDB: Tablespace open failed for '"phpmyadmin"."pma__pdf_pages"', ignored.
2019-07-01 11:32:30 348c  InnoDB: Operating system error number 3 in a file operation.
InnoDB: The error means the system cannot find the path specified.
InnoDB: If you are installing InnoDB, remember that you must create
InnoDB: directories yourself, InnoDB does not create them.
2019-07-01 11:32:30 13452 [ERROR] InnoDB: Could not find a valid tablespace file for 'phpmyadmin/pma__recent'. See http://dev.mysql.com/doc/refman/5.6/en/innodb-troubleshooting-datadict.html for how to resolve the issue.
2019-07-01 11:32:30 13452 [ERROR] InnoDB: Tablespace open failed for '"phpmyadmin"."pma__recent"', ignored.
2019-07-01 11:32:30 348c  InnoDB: Operating system error number 3 in a file operation.
InnoDB: The error means the system cannot find the path specified.
InnoDB: If you are installing InnoDB, remember that you must create
InnoDB: directories yourself, InnoDB does not create them.
2019-07-01 11:32:30 13452 [ERROR] InnoDB: Could not find a valid tablespace file for 'phpmyadmin/pma__relation'. See http://dev.mysql.com/doc/refman/5.6/en/innodb-troubleshooting-datadict.html for how to resolve the issue.
2019-07-01 11:32:30 13452 [ERROR] InnoDB: Tablespace open failed for '"phpmyadmin"."pma__relation"', ignored.
2019-07-01 11:32:30 348c  InnoDB: Operating system error number 3 in a file operation.
InnoDB: The error means the system cannot find the path specified.
InnoDB: If you are installing InnoDB, remember that you must create
InnoDB: directories yourself, InnoDB does not create them.
2019-07-01 11:32:30 13452 [ERROR] InnoDB: Could not find a valid tablespace file for 'phpmyadmin/pma__savedsearches'. See http://dev.mysql.com/doc/refman/5.6/en/innodb-troubleshooting-datadict.html for how to resolve the issue.
2019-07-01 11:32:30 13452 [ERROR] InnoDB: Tablespace open failed for '"phpmyadmin"."pma__savedsearches"', ignored.
2019-07-01 11:32:30 348c  InnoDB: Operating system error number 3 in a file operation.
InnoDB: The error means the system cannot find the path specified.
InnoDB: If you are installing InnoDB, remember that you must create
InnoDB: directories yourself, InnoDB does not create them.
2019-07-01 11:32:30 13452 [ERROR] InnoDB: Could not find a valid tablespace file for 'phpmyadmin/pma__table_coords'. See http://dev.mysql.com/doc/refman/5.6/en/innodb-troubleshooting-datadict.html for how to resolve the issue.
2019-07-01 11:32:30 13452 [ERROR] InnoDB: Tablespace open failed for '"phpmyadmin"."pma__table_coords"', ignored.
2019-07-01 11:32:30 348c  InnoDB: Operating system error number 3 in a file operation.
InnoDB: The error means the system cannot find the path specified.
InnoDB: If you are installing InnoDB, remember that you must create
InnoDB: directories yourself, InnoDB does not create them.
2019-07-01 11:32:30 13452 [ERROR] InnoDB: Could not find a valid tablespace file for 'phpmyadmin/pma__table_info'. See http://dev.mysql.com/doc/refman/5.6/en/innodb-troubleshooting-datadict.html for how to resolve the issue.
2019-07-01 11:32:30 13452 [ERROR] InnoDB: Tablespace open failed for '"phpmyadmin"."pma__table_info"', ignored.
2019-07-01 11:32:30 348c  InnoDB: Operating system error number 3 in a file operation.
InnoDB: The error means the system cannot find the path specified.
InnoDB: If you are installing InnoDB, remember that you must create
InnoDB: directories yourself, InnoDB does not create them.
2019-07-01 11:32:30 13452 [ERROR] InnoDB: Could not find a valid tablespace file for 'phpmyadmin/pma__table_uiprefs'. See http://dev.mysql.com/doc/refman/5.6/en/innodb-troubleshooting-datadict.html for how to resolve the issue.
2019-07-01 11:32:30 13452 [ERROR] InnoDB: Tablespace open failed for '"phpmyadmin"."pma__table_uiprefs"', ignored.
2019-07-01 11:32:30 348c  InnoDB: Operating system error number 3 in a file operation.
InnoDB: The error means the system cannot find the path specified.
InnoDB: If you are installing InnoDB, remember that you must create
InnoDB: directories yourself, InnoDB does not create them.
2019-07-01 11:32:30 13452 [ERROR] InnoDB: Could not find a valid tablespace file for 'phpmyadmin/pma__tracking'. See http://dev.mysql.com/doc/refman/5.6/en/innodb-troubleshooting-datadict.html for how to resolve the issue.
2019-07-01 11:32:30 13452 [ERROR] InnoDB: Tablespace open failed for '"phpmyadmin"."pma__tracking"', ignored.
2019-07-01 11:32:30 348c  InnoDB: Operating system error number 3 in a file operation.
InnoDB: The error means the system cannot find the path specified.
InnoDB: If you are installing InnoDB, remember that you must create
InnoDB: directories yourself, InnoDB does not create them.
2019-07-01 11:32:30 13452 [ERROR] InnoDB: Could not find a valid tablespace file for 'phpmyadmin/pma__userconfig'. See http://dev.mysql.com/doc/refman/5.6/en/innodb-troubleshooting-datadict.html for how to resolve the issue.
2019-07-01 11:32:30 13452 [ERROR] InnoDB: Tablespace open failed for '"phpmyadmin"."pma__userconfig"', ignored.
2019-07-01 11:32:30 348c  InnoDB: Operating system error number 3 in a file operation.
InnoDB: The error means the system cannot find the path specified.
InnoDB: If you are installing InnoDB, remember that you must create
InnoDB: directories yourself, InnoDB does not create them.
2019-07-01 11:32:30 13452 [ERROR] InnoDB: Could not find a valid tablespace file for 'phpmyadmin/pma__usergroups'. See http://dev.mysql.com/doc/refman/5.6/en/innodb-troubleshooting-datadict.html for how to resolve the issue.
2019-07-01 11:32:30 13452 [ERROR] InnoDB: Tablespace open failed for '"phpmyadmin"."pma__usergroups"', ignored.
2019-07-01 11:32:30 348c  InnoDB: Operating system error number 3 in a file operation.
InnoDB: The error means the system cannot find the path specified.
InnoDB: If you are installing InnoDB, remember that you must create
InnoDB: directories yourself, InnoDB does not create them.
2019-07-01 11:32:30 13452 [ERROR] InnoDB: Could not find a valid tablespace file for 'phpmyadmin/pma__users'. See http://dev.mysql.com/doc/refman/5.6/en/innodb-troubleshooting-datadict.html for how to resolve the issue.
2019-07-01 11:32:30 13452 [ERROR] InnoDB: Tablespace open failed for '"phpmyadmin"."pma__users"', ignored.
2019-07-01 11:32:30 13452 [Note] InnoDB: 128 rollback segment(s) are active.
2019-07-01 11:32:30 13452 [Note] InnoDB: Waiting for purge to start
2019-07-01 11:32:30 13452 [Note] InnoDB:  Percona XtraDB (http://www.percona.com) 5.6.36-82.2 started; log sequence number 1835572
2019-07-01 11:32:30 8904 [Note] InnoDB: Dumping buffer pool(s) not yet started
2019-07-01 11:32:30 13452 [Note] Plugin 'FEEDBACK' is disabled.
2019-07-01 11:32:30 13452 [Note] Server socket created on IP: '::'.
2019-07-01 11:32:30 13452 [ERROR] Can't start server: Bind on TCP/IP port. Got error: 10048: Une seule utilisation de chaque adresse de socket (protocole/adresse réseau/port) est habituellement autorisée.

2019-07-01 11:32:30 13452 [ERROR] Do you already have another mysqld server running on port: 3306 ?
2019-07-01 11:32:30 13452 [ERROR] Aborting

2019-07-01 11:32:48 9120 [Note] InnoDB: Using mutexes to ref count buffer pool pages
2019-07-01 11:32:48 9120 [Note] InnoDB: The InnoDB memory heap is disabled
2019-07-01 11:32:48 9120 [Note] InnoDB: Mutexes and rw_locks use Windows interlocked functions
2019-07-01 11:32:48 9120 [Note] InnoDB: _mm_lfence() and _mm_sfence() are used for memory barrier
2019-07-01 11:32:48 9120 [Note] InnoDB: Compressed tables use zlib 1.2.3
2019-07-01 11:32:48 9120 [Note] InnoDB: Using generic crc32 instructions
2019-07-01 11:32:48 9120 [Note] InnoDB: Initializing buffer pool, size = 256.0M
2019-07-01 11:32:48 9120 [Note] InnoDB: Completed initialization of buffer pool
2019-07-01 11:32:48 9120 [Note] InnoDB: Highest supported file format is Barracuda.
2019-07-01 11:32:48 23a0  InnoDB: Operating system error number 3 in a file operation.
InnoDB: The error means the system cannot find the path specified.
InnoDB: If you are installing InnoDB, remember that you must create
InnoDB: directories yourself, InnoDB does not create them.
2019-07-01 11:32:48 9120 [ERROR] InnoDB: Could not find a valid tablespace file for 'phpmyadmin/pma__bookmark'. See http://dev.mysql.com/doc/refman/5.6/en/innodb-troubleshooting-datadict.html for how to resolve the issue.
2019-07-01 11:32:48 9120 [ERROR] InnoDB: Tablespace open failed for '"phpmyadmin"."pma__bookmark"', ignored.
2019-07-01 11:32:48 23a0  InnoDB: Operating system error number 3 in a file operation.
InnoDB: The error means the system cannot find the path specified.
InnoDB: If you are installing InnoDB, remember that you must create
InnoDB: directories yourself, InnoDB does not create them.
2019-07-01 11:32:48 9120 [ERROR] InnoDB: Could not find a valid tablespace file for 'phpmyadmin/pma__central_columns'. See http://dev.mysql.com/doc/refman/5.6/en/innodb-troubleshooting-datadict.html for how to resolve the issue.
2019-07-01 11:32:48 9120 [ERROR] InnoDB: Tablespace open failed for '"phpmyadmin"."pma__central_columns"', ignored.
2019-07-01 11:32:48 23a0  InnoDB: Operating system error number 3 in a file operation.
InnoDB: The error means the system cannot find the path specified.
InnoDB: If you are installing InnoDB, remember that you must create
InnoDB: directories yourself, InnoDB does not create them.
2019-07-01 11:32:48 9120 [ERROR] InnoDB: Could not find a valid tablespace file for 'phpmyadmin/pma__column_info'. See http://dev.mysql.com/doc/refman/5.6/en/innodb-troubleshooting-datadict.html for how to resolve the issue.
2019-07-01 11:32:48 9120 [ERROR] InnoDB: Tablespace open failed for '"phpmyadmin"."pma__column_info"', ignored.
2019-07-01 11:32:48 23a0  InnoDB: Operating system error number 3 in a file operation.
InnoDB: The error means the system cannot find the path specified.
InnoDB: If you are installing InnoDB, remember that you must create
InnoDB: directories yourself, InnoDB does not create them.
2019-07-01 11:32:48 9120 [ERROR] InnoDB: Could not find a valid tablespace file for 'phpmyadmin/pma__designer_settings'. See http://dev.mysql.com/doc/refman/5.6/en/innodb-troubleshooting-datadict.html for how to resolve the issue.
2019-07-01 11:32:48 9120 [ERROR] InnoDB: Tablespace open failed for '"phpmyadmin"."pma__designer_settings"', ignored.
2019-07-01 11:32:48 23a0  InnoDB: Operating system error number 3 in a file operation.
InnoDB: The error means the system cannot find the path specified.
InnoDB: If you are installing InnoDB, remember that you must create
InnoDB: directories yourself, InnoDB does not create them.
2019-07-01 11:32:48 9120 [ERROR] InnoDB: Could not find a valid tablespace file for 'phpmyadmin/pma__export_templates'. See http://dev.mysql.com/doc/refman/5.6/en/innodb-troubleshooting-datadict.html for how to resolve the issue.
2019-07-01 11:32:48 9120 [ERROR] InnoDB: Tablespace open failed for '"phpmyadmin"."pma__export_templates"', ignored.
2019-07-01 11:32:48 23a0  InnoDB: Operating system error number 3 in a file operation.
InnoDB: The error means the system cannot find the path specified.
InnoDB: If you are installing InnoDB, remember that you must create
InnoDB: directories yourself, InnoDB does not create them.
2019-07-01 11:32:48 9120 [ERROR] InnoDB: Could not find a valid tablespace file for 'phpmyadmin/pma__favorite'. See http://dev.mysql.com/doc/refman/5.6/en/innodb-troubleshooting-datadict.html for how to resolve the issue.
2019-07-01 11:32:48 9120 [ERROR] InnoDB: Tablespace open failed for '"phpmyadmin"."pma__favorite"', ignored.
2019-07-01 11:32:48 23a0  InnoDB: Operating system error number 3 in a file operation.
InnoDB: The error means the system cannot find the path specified.
InnoDB: If you are installing InnoDB, remember that you must create
InnoDB: directories yourself, InnoDB does not create them.
2019-07-01 11:32:48 9120 [ERROR] InnoDB: Could not find a valid tablespace file for 'phpmyadmin/pma__history'. See http://dev.mysql.com/doc/refman/5.6/en/innodb-troubleshooting-datadict.html for how to resolve the issue.
2019-07-01 11:32:48 9120 [ERROR] InnoDB: Tablespace open failed for '"phpmyadmin"."pma__history"', ignored.
2019-07-01 11:32:48 23a0  InnoDB: Operating system error number 3 in a file operation.
InnoDB: The error means the system cannot find the path specified.
InnoDB: If you are installing InnoDB, remember that you must create
InnoDB: directories yourself, InnoDB does not create them.
2019-07-01 11:32:48 9120 [ERROR] InnoDB: Could not find a valid tablespace file for 'phpmyadmin/pma__navigationhiding'. See http://dev.mysql.com/doc/refman/5.6/en/innodb-troubleshooting-datadict.html for how to resolve the issue.
2019-07-01 11:32:48 9120 [ERROR] InnoDB: Tablespace open failed for '"phpmyadmin"."pma__navigationhiding"', ignored.
2019-07-01 11:32:48 23a0  InnoDB: Operating system error number 3 in a file operation.
InnoDB: The error means the system cannot find the path specified.
InnoDB: If you are installing InnoDB, remember that you must create
InnoDB: directories yourself, InnoDB does not create them.
2019-07-01 11:32:48 9120 [ERROR] InnoDB: Could not find a valid tablespace file for 'phpmyadmin/pma__pdf_pages'. See http://dev.mysql.com/doc/refman/5.6/en/innodb-troubleshooting-datadict.html for how to resolve the issue.
2019-07-01 11:32:48 9120 [ERROR] InnoDB: Tablespace open failed for '"phpmyadmin"."pma__pdf_pages"', ignored.
2019-07-01 11:32:48 23a0  InnoDB: Operating system error number 3 in a file operation.
InnoDB: The error means the system cannot find the path specified.
InnoDB: If you are installing InnoDB, remember that you must create
InnoDB: directories yourself, InnoDB does not create them.
2019-07-01 11:32:48 9120 [ERROR] InnoDB: Could not find a valid tablespace file for 'phpmyadmin/pma__recent'. See http://dev.mysql.com/doc/refman/5.6/en/innodb-troubleshooting-datadict.html for how to resolve the issue.
2019-07-01 11:32:48 9120 [ERROR] InnoDB: Tablespace open failed for '"phpmyadmin"."pma__recent"', ignored.
2019-07-01 11:32:48 23a0  InnoDB: Operating system error number 3 in a file operation.
InnoDB: The error means the system cannot find the path specified.
InnoDB: If you are installing InnoDB, remember that you must create
InnoDB: directories yourself, InnoDB does not create them.
2019-07-01 11:32:48 9120 [ERROR] InnoDB: Could not find a valid tablespace file for 'phpmyadmin/pma__relation'. See http://dev.mysql.com/doc/refman/5.6/en/innodb-troubleshooting-datadict.html for how to resolve the issue.
2019-07-01 11:32:48 9120 [ERROR] InnoDB: Tablespace open failed for '"phpmyadmin"."pma__relation"', ignored.
2019-07-01 11:32:48 23a0  InnoDB: Operating system error number 3 in a file operation.
InnoDB: The error means the system cannot find the path specified.
InnoDB: If you are installing InnoDB, remember that you must create
InnoDB: directories yourself, InnoDB does not create them.
2019-07-01 11:32:48 9120 [ERROR] InnoDB: Could not find a valid tablespace file for 'phpmyadmin/pma__savedsearches'. See http://dev.mysql.com/doc/refman/5.6/en/innodb-troubleshooting-datadict.html for how to resolve the issue.
2019-07-01 11:32:48 9120 [ERROR] InnoDB: Tablespace open failed for '"phpmyadmin"."pma__savedsearches"', ignored.
2019-07-01 11:32:48 23a0  InnoDB: Operating system error number 3 in a file operation.
InnoDB: The error means the system cannot find the path specified.
InnoDB: If you are installing InnoDB, remember that you must create
InnoDB: directories yourself, InnoDB does not create them.
2019-07-01 11:32:48 9120 [ERROR] InnoDB: Could not find a valid tablespace file for 'phpmyadmin/pma__table_coords'. See http://dev.mysql.com/doc/refman/5.6/en/innodb-troubleshooting-datadict.html for how to resolve the issue.
2019-07-01 11:32:48 9120 [ERROR] InnoDB: Tablespace open failed for '"phpmyadmin"."pma__table_coords"', ignored.
2019-07-01 11:32:48 23a0  InnoDB: Operating system error number 3 in a file operation.
InnoDB: The error means the system cannot find the path specified.
InnoDB: If you are installing InnoDB, remember that you must create
InnoDB: directories yourself, InnoDB does not create them.
2019-07-01 11:32:48 9120 [ERROR] InnoDB: Could not find a valid tablespace file for 'phpmyadmin/pma__table_info'. See http://dev.mysql.com/doc/refman/5.6/en/innodb-troubleshooting-datadict.html for how to resolve the issue.
2019-07-01 11:32:48 9120 [ERROR] InnoDB: Tablespace open failed for '"phpmyadmin"."pma__table_info"', ignored.
2019-07-01 11:32:48 23a0  InnoDB: Operating system error number 3 in a file operation.
InnoDB: The error means the system cannot find the path specified.
InnoDB: If you are installing InnoDB, remember that you must create
InnoDB: directories yourself, InnoDB does not create them.
2019-07-01 11:32:48 9120 [ERROR] InnoDB: Could not find a valid tablespace file for 'phpmyadmin/pma__table_uiprefs'. See http://dev.mysql.com/doc/refman/5.6/en/innodb-troubleshooting-datadict.html for how to resolve the issue.
2019-07-01 11:32:48 9120 [ERROR] InnoDB: Tablespace open failed for '"phpmyadmin"."pma__table_uiprefs"', ignored.
2019-07-01 11:32:48 23a0  InnoDB: Operating system error number 3 in a file operation.
InnoDB: The error means the system cannot find the path specified.
InnoDB: If you are installing InnoDB, remember that you must create
InnoDB: directories yourself, InnoDB does not create them.
2019-07-01 11:32:48 9120 [ERROR] InnoDB: Could not find a valid tablespace file for 'phpmyadmin/pma__tracking'. See http://dev.mysql.com/doc/refman/5.6/en/innodb-troubleshooting-datadict.html for how to resolve the issue.
2019-07-01 11:32:48 9120 [ERROR] InnoDB: Tablespace open failed for '"phpmyadmin"."pma__tracking"', ignored.
2019-07-01 11:32:48 23a0  InnoDB: Operating system error number 3 in a file operation.
InnoDB: The error means the system cannot find the path specified.
InnoDB: If you are installing InnoDB, remember that you must create
InnoDB: directories yourself, InnoDB does not create them.
2019-07-01 11:32:48 9120 [ERROR] InnoDB: Could not find a valid tablespace file for 'phpmyadmin/pma__userconfig'. See http://dev.mysql.com/doc/refman/5.6/en/innodb-troubleshooting-datadict.html for how to resolve the issue.
2019-07-01 11:32:48 9120 [ERROR] InnoDB: Tablespace open failed for '"phpmyadmin"."pma__userconfig"', ignored.
2019-07-01 11:32:48 23a0  InnoDB: Operating system error number 3 in a file operation.
InnoDB: The error means the system cannot find the path specified.
InnoDB: If you are installing InnoDB, remember that you must create
InnoDB: directories yourself, InnoDB does not create them.
2019-07-01 11:32:48 9120 [ERROR] InnoDB: Could not find a valid tablespace file for 'phpmyadmin/pma__usergroups'. See http://dev.mysql.com/doc/refman/5.6/en/innodb-troubleshooting-datadict.html for how to resolve the issue.
2019-07-01 11:32:48 9120 [ERROR] InnoDB: Tablespace open failed for '"phpmyadmin"."pma__usergroups"', ignored.
2019-07-01 11:32:48 23a0  InnoDB: Operating system error number 3 in a file operation.
InnoDB: The error means the system cannot find the path specified.
InnoDB: If you are installing InnoDB, remember that you must create
InnoDB: directories yourself, InnoDB does not create them.
2019-07-01 11:32:48 9120 [ERROR] InnoDB: Could not find a valid tablespace file for 'phpmyadmin/pma__users'. See http://dev.mysql.com/doc/refman/5.6/en/innodb-troubleshooting-datadict.html for how to resolve the issue.
2019-07-01 11:32:48 9120 [ERROR] InnoDB: Tablespace open failed for '"phpmyadmin"."pma__users"', ignored.
2019-07-01 11:32:48 9120 [Note] InnoDB: 128 rollback segment(s) are active.
2019-07-01 11:32:48 9120 [Note] InnoDB: Waiting for purge to start
2019-07-01 11:32:48 9120 [Note] InnoDB:  Percona XtraDB (http://www.percona.com) 5.6.36-82.2 started; log sequence number 1835582
2019-07-01 11:32:49 5684 [Note] InnoDB: Dumping buffer pool(s) not yet started
2019-07-01 11:32:49 9120 [Note] Plugin 'FEEDBACK' is disabled.
2019-07-01 11:32:49 9120 [Note] Server socket created on IP: '::'.
2019-07-01 11:32:49 9120 [ERROR] Can't start server: Bind on TCP/IP port. Got error: 10048: Une seule utilisation de chaque adresse de socket (protocole/adresse réseau/port) est habituellement autorisée.

2019-07-01 11:32:49 9120 [ERROR] Do you already have another mysqld server running on port: 3306 ?
2019-07-01 11:32:49 9120 [ERROR] Aborting

